
*** Start 100GB - stream 1/1 ***
1.q96 1.q7 1.q75 1.q44 1.q39 1.q80 1.q32 1.q19 1.q25 1.q78 1.q86 1.q1 1.q91 1.q21 1.q43 1.q27 1.q94 1.q45 1.q58 1.q64 1.q36 1.q33 1.q46 1.q62 1.q16 1.q10 1.q63 1.q69 1.q60 1.q59 1.q37 1.q98 1.q85 1.q70 1.q67 1.q28 1.q81 1.q97 1.q66 1.q90 1.q17 1.q47 1.q95 1.q92 1.q3 1.q51 1.q35 1.q49 1.q9 1.q31 1.q11 1.q93 1.q29 1.q38 1.q22 1.q89 1.q15 1.q6 1.q52 1.q50 1.q42 1.q41 1.q8 1.q12 1.q20 1.q88 1.q82 1.q23 1.q14 1.q57 1.q65 1.q71 1.q34 1.q48 1.q30 1.q74 1.q87 1.q77 1.q73 1.q84 1.q54 1.q55 1.q56 1.q2 1.q26 1.q40 1.q72 1.q53 1.q79 1.q18 1.q13 1.q24 1.q4 1.q99 1.q68 1.q83 1.q61 1.q5 1.q76 
*** End 100GB - stream 1/1 *** 
done

*** Start 100GB - stream 1/2 ***

*** Start 100GB - stream 2/2 ***
1.q96 2.q83 2.q32 2.q30 2.q92 2.q66 2.q84 2.q98 2.q58 2.q16 2.q77 2.q40 2.q96 2.q13 2.q36 2.q95 1.q7 1.q75 1.q44 2.q63 2.q99 2.q3 2.q6 2.q12 2.q28 2.q85 2.q51 2.q41 2.q27 1.q39 1.q80 1.q32 2.q78 2.q8 2.q14 1.q19 2.q50 2.q52 2.q81 2.q5 2.q26 2.q57 2.q82 2.q69 2.q54 2.q61 2.q88 2.q18 2.q94 2.q35 2.q68 2.q24 2.q75 1.q25 2.q11 2.q67 2.q9 1.q78 1.q86 1.q1 1.q91 1.q21 1.q43 1.q27 1.q94 1.q45 1.q58 1.q64 1.q36 1.q33 1.q46 1.q62 1.q16 1.q10 1.q63 1.q69 1.q60 2.q25 2.q37 2.q86 2.q4 2.q60 2.q97 2.q33 1.q59 1.q37 1.q98 1.q85 1.q70 1.q67 1.q28 2.q79 1.q81 1.q97 1.q66 1.q90 2.q43 2.q80 2.q93 2.q31 2.q47 1.q17 1.q47 1.q95 1.q92 1.q3 1.q51 1.q35 1.q49 1.q9 1.q31 1.q11 2.q17 1.q93 2.q19 2.q1 2.q64 2.q53 2.q55 2.q46 2.q21 2.q15 2.q20 2.q65 2.q70 2.q49 1.q29 1.q38 1.q22 2.q59 2.q48 2.q72 2.q87 1.q89 2.q34 1.q15 1.q6 1.q52 2.q2 2.q38 2.q22 2.q89 2.q7 2.q10 2.q90 1.q50 1.q42 1.q41 1.q8 1.q12 1.q20 1.q88 1.q82 1.q23 1.q14 1.q57 2.q71 1.q65 1.q71 1.q34 1.q48 1.q30 1.q74 1.q87 1.q77 1.q73 1.q84 1.q54 2.q29 1.q55 1.q56 2.q73 2.q45 2.q91 1.q2 2.q62 2.q44 1.q26 1.q40 1.q72 2.q76 2.q23 2.q56 1.q53 2.q42 1.q79 1.q18 1.q13 1.q24 1.q4 1.q99 2.q39 2.q74 1.q68 1.q83 1.q61 1.q5 1.q76 done

*** Start 100GB - stream 1/3 ***

*** Start 100GB - stream 2/3 ***

*** Start 100GB - stream 3/3 ***
3.q56 3.q98 2.q83 2.q32 2.q30 2.q92 2.q66 2.q84 1.q96 2.q98 2.q58 2.q16 2.q77 2.q40 3.q59 3.q24 3.q88 2.q96 2.q13 2.q36 2.q95 3.q2 3.q5 1.q7 1.q75 3.q6 1.q44 3.q27 3.q87 3.q90 2.q63 3.q83 2.q99 3.q91 3.q28 1.q39 1.q80 1.q32 1.q19 1.q25 1.q78 1.q86 1.q1 1.q91 1.q21 2.q3 3.q68 2.q6 3.q8 1.q43 2.q12 1.q27 1.q94 1.q45 2.q28 1.q58 1.q64 1.q36 1.q33 2.q85 2.q51 2.q41 2.q27 3.q76 3.q75 3.q80 3.q1 3.q69 2.q78 2.q8 2.q14 1.q46 1.q62 1.q16 1.q10 3.q26 1.q63 1.q69 1.q60 3.q11 2.q50 1.q59 1.q37 1.q98 2.q52 2.q81 2.q5 1.q85 1.q70 1.q67 1.q28 1.q81 1.q97 1.q66 1.q90 2.q26 2.q57 2.q82 2.q69 2.q54 2.q61 2.q88 2.q18 2.q94 2.q35 2.q68 2.q24 2.q75 2.q11 2.q67 2.q9 3.q17 3.q63 3.q77 3.q19 3.q21 3.q31 1.q17 1.q47 1.q95 1.q92 1.q3 1.q51 1.q35 1.q49 1.q9 3.q93 3.q54 2.q25 2.q37 2.q86 1.q31 1.q11 2.q4 2.q60 2.q97 2.q33 3.q39 3.q10 3.q15 2.q79 3.q55 3.q14 3.q38 1.q93 3.q42 2.q43 2.q80 3.q53 3.q45 3.q99 3.q67 3.q23 3.q62 3.q30 3.q86 3.q82 2.q93 2.q31 2.q47 1.q29 1.q38 1.q22 1.q89 1.q15 1.q6 1.q52 3.q25 3.q16 3.q81 3.q40 3.q44 2.q17 1.q50 3.q50 3.q61 1.q42 1.q41 1.q8 1.q12 1.q20 1.q88 1.q82 1.q23 1.q14 1.q57 3.q85 2.q19 2.q1 2.q64 3.q73 3.q95 3.q84 2.q53 1.q65 2.q55 3.q4 3.q37 3.q35 3.q94 3.q58 1.q71 3.q96 3.q12 2.q46 2.q21 1.q34 1.q48 2.q15 2.q20 1.q30 1.q74 1.q87 1.q77 2.q65 2.q70 2.q49 1.q73 1.q84 1.q54 1.q55 1.q56 2.q59 2.q48 2.q72 2.q87 1.q2 2.q34 1.q26 1.q40 1.q72 3.q29 3.q22 3.q51 3.q36 2.q2 2.q38 2.q22 1.q53 3.q43 3.q64 3.q20 3.q57 3.q9 2.q89 3.q52 3.q49 1.q79 1.q18 1.q13 1.q24 3.q71 3.q72 3.q70 1.q4 2.q7 2.q10 2.q90 1.q99 2.q71 3.q7 3.q97 3.q33 1.q68 1.q83 1.q61 1.q5 3.q79 3.q32 3.q78 3.q18 1.q76 3.q65 3.q60 3.q34 3.q3 3.q13 3.q41 3.q92 3.q74 2.q29 3.q46 2.q73 2.q45 2.q91 3.q89 3.q47 3.q66 3.q48 2.q62 2.q44 2.q76 2.q23 2.q56 2.q42 2.q39 2.q74 
*** End 100GB - stream 3/3 *** 
done

*** Start 100GB - stream 1/4 ***

*** Start 100GB - stream 2/4 ***

*** Start 100GB - stream 3/4 ***

*** Start 100GB - stream 4/4 ***
3.q56 3.q98 2.q83 2.q32 1.q96 2.q30 2.q92 2.q66 2.q84 2.q98 2.q58 2.q16 2.q77 2.q40 4.q89 4.q5 3.q59 3.q24 3.q88 4.q52 2.q96 2.q13 2.q36 2.q95 4.q62 3.q2 3.q5 3.q6 3.q27 3.q87 3.q90 1.q7 1.q75 1.q44 2.q63 3.q83 4.q53 3.q91 3.q28 2.q99 2.q3 2.q6 2.q12 2.q28 1.q39 1.q80 1.q32 3.q68 3.q8 4.q7 2.q85 2.q51 2.q41 2.q27 1.q19 3.q76 3.q75 3.q80 2.q78 2.q8 2.q14 3.q1 3.q69 4.q39 4.q80 3.q26 4.q63 4.q72 4.q18 4.q56 4.q13 3.q11 4.q69 4.q23 2.q50 4.q19 2.q52 4.q74 2.q81 2.q5 4.q30 4.q84 2.q26 2.q57 2.q82 2.q69 2.q54 2.q61 2.q88 2.q18 2.q94 2.q35 4.q96 4.q14 4.q10 4.q86 4.q94 4.q8 4.q87 4.q58 4.q36 4.q37 3.q17 2.q68 2.q24 2.q75 4.q4 4.q38 4.q66 1.q25 3.q63 3.q77 2.q11 2.q67 2.q9 4.q78 1.q78 1.q86 1.q1 3.q19 3.q21 1.q91 1.q21 4.q43 4.q22 4.q21 4.q97 4.q47 1.q43 1.q27 1.q94 1.q45 1.q58 1.q64 1.q36 1.q33 3.q31 3.q93 3.q54 1.q46 1.q62 1.q16 1.q10 1.q63 1.q69 1.q60 3.q39 3.q10 2.q25 2.q37 2.q86 4.q29 3.q15 2.q4 2.q60 2.q97 2.q33 4.q3 3.q55 3.q14 3.q38 1.q59 1.q37 1.q98 3.q42 1.q85 1.q70 1.q67 1.q28 2.q79 1.q81 1.q97 1.q66 1.q90 4.q76 4.q82 3.q53 3.q45 2.q43 2.q80 3.q99 3.q67 3.q23 4.q46 4.q41 3.q62 3.q30 3.q86 3.q82 4.q59 4.q40 2.q93 4.q55 4.q16 4.q27 4.q54 4.q90 4.q92 3.q25 3.q16 2.q31 2.q47 3.q81 4.q31 3.q40 3.q44 4.q42 1.q17 1.q47 1.q95 1.q92 4.q26 1.q3 1.q51 1.q35 1.q49 1.q9 4.q34 2.q17 3.q50 3.q61 1.q31 3.q85 2.q19 2.q1 2.q64 4.q68 1.q11 3.q73 3.q95 3.q84 2.q53 4.q2 4.q44 3.q4 3.q37 3.q35 3.q94 3.q58 2.q55 4.q81 4.q67 3.q96 3.q12 4.q99 4.q6 1.q93 4.q83 2.q46 2.q21 4.q1 4.q60 4.q33 2.q15 2.q20 4.q11 4.q28 4.q95 4.q12 4.q64 2.q65 2.q70 2.q49 4.q15 2.q59 2.q48 2.q72 2.q87 2.q34 3.q29 3.q22 3.q51 4.q25 3.q36 3.q43 3.q64 3.q20 3.q57 3.q9 2.q2 2.q38 2.q22 3.q52 3.q49 2.q89 4.q93 4.q9 1.q29 1.q38 1.q22 3.q71 3.q72 3.q70 1.q89 1.q15 1.q6 2.q7 2.q10 2.q90 4.q65 1.q52 3.q7 3.q97 3.q33 2.q71 4.q71 4.q57 4.q32 4.q61 3.q79 3.q32 4.q85 3.q78 3.q18 1.q50 4.q73 4.q98 4.q77 4.q45 1.q42 1.q41 4.q20 1.q8 1.q12 1.q20 1.q88 1.q82 1.q23 1.q14 1.q57 3.q65 3.q60 1.q65 3.q34 2.q29 3.q3 3.q13 3.q41 3.q92 1.q71 4.q50 2.q73 2.q45 4.q70 4.q75 3.q74 4.q91 2.q91 1.q34 1.q48 2.q62 2.q44 1.q30 1.q74 1.q87 1.q77 3.q46 2.q76 2.q23 2.q56 1.q73 1.q84 1.q54 3.q89 3.q47 3.q66 3.q48 2.q42 1.q55 1.q56 1.q2 2.q39 1.q26 1.q40 1.q72 2.q74 1.q53 4.q17 4.q24 4.q48 4.q51 1.q79 1.q18 1.q13 1.q24 4.q79 4.q35 4.q88 4.q49 1.q4 1.q99 1.q68 1.q83 1.q61 1.q5 1.q76 done

*** Start 100GB - stream 1/5 ***

*** Start 100GB - stream 2/5 ***

*** Start 100GB - stream 3/5 ***

*** Start 100GB - stream 4/5 ***

*** Start 100GB - stream 5/5 ***
3.q56 3.q98 